<?xml version="1.0" encoding="UTF-8"?>
<!-- Generated by org.testng.reporters.JUnitReportReporter -->
<testsuite hostname="LAPTOP-KFBSCIQ6" failures="0" tests="1" name="com.practice.flightsbooking.LoginTest" time="6.534" errors="0" timestamp="29 Mar 2021 12:39:38 GMT" skipped="0">
  <testcase classname="com.practice.flightsbooking.LoginTest" name="LoginTest1" time="6.534"/>
</testsuite> <!-- com.practice.flightsbooking.LoginTest -->
