<?xml version="1.0" encoding="UTF-8"?>
<!-- Generated by org.testng.reporters.JUnitReportReporter -->
<testsuite hostname="LAPTOP-KFBSCIQ6" failures="0" tests="1" name="pageclasses.NewTest" time="0.001" errors="0" timestamp="03 Apr 2021 10:15:52 GMT" skipped="0">
  <testcase classname="pageclasses.NewTest" name="f" time="0.001"/>
</testsuite> <!-- pageclasses.NewTest -->
