<?xml version="1.0" encoding="UTF-8"?>
<!-- Generated by org.testng.reporters.JUnitReportReporter -->
<testsuite hostname="LAPTOP-KFBSCIQ6" failures="0" tests="1" name="com.practice.flightsbooking.AppTest" time="0.009" errors="0" timestamp="29 Mar 2021 12:28:33 GMT" skipped="0">
  <testcase classname="com.practice.flightsbooking.AppTest" name="shouldAnswerWithTrue" time="0.009"/>
</testsuite> <!-- com.practice.flightsbooking.AppTest -->
