<?xml version="1.0" encoding="UTF-8"?>
<!-- Generated by org.testng.reporters.JUnitReportReporter -->
<testsuite hostname="LAPTOP-KFBSCIQ6" failures="0" tests="1" name="com.practice.flightsbooking.LoginTest" time="15.791" errors="0" timestamp="03 Apr 2021 10:15:52 GMT" skipped="0">
  <testcase classname="com.practice.flightsbooking.LoginTest" name="LoginTest1" time="15.791"/>
</testsuite> <!-- com.practice.flightsbooking.LoginTest -->
